[2020-05-28 14:02:32,112] INFO [GroupCoordinator 0]: Member[group.instance.id None, member.id consumer-console-consumer-53139-1-da79e1b9-c6dc-470e-bc96-d275cd4396bf] in group console-consumer-53139 has left, removing it from the group (kafka.coordinator.group.GroupCoordinator)
[2020-05-28 14:02:32,113] INFO [GroupCoordinator 0]: Preparing to rebalance group console-consumer-53139 in state PreparingRebalance with old generation 1 (__consumer_offsets-32) (reason: removing member consumer-console-consumer-53139-1-da79e1b9-c6dc-470e-bc96-d275cd4396bf on LeaveGroup) (kafka.coordinator.group.GroupCoordinator)
[2020-05-28 14:02:32,113] INFO [GroupCoordinator 0]: Group console-consumer-53139 with generation 2 is now empty (__consumer_offsets-32) (kafka.coordinator.group.GroupCoordinator)
[2020-05-28 14:02:32,627] INFO [GroupCoordinator 0]: Member[group.instance.id None, member.id consumer-console-consumer-62122-1-87cfa488-39de-40f6-85c7-becfc115f3a2] in group console-consumer-62122 has left, removing it from the group (kafka.coordinator.group.GroupCoordinator)
[2020-05-28 14:02:32,627] INFO [GroupCoordinator 0]: Preparing to rebalance group console-consumer-62122 in state PreparingRebalance with old generation 1 (__consumer_offsets-24) (reason: removing member consumer-console-consumer-62122-1-87cfa488-39de-40f6-85c7-becfc115f3a2 on LeaveGroup) (kafka.coordinator.group.GroupCoordinator)
[2020-05-28 14:02:32,627] INFO [GroupCoordinator 0]: Group console-consumer-62122 with generation 2 is now empty (__consumer_offsets-24) (kafka.coordinator.group.GroupCoordinator)
[2020-05-28 14:02:35,861] INFO Terminating process due to signal SIGINT (org.apache.kafka.common.utils.LoggingSignalHandler)
[2020-05-28 14:02:35,864] INFO [KafkaServer id=0] shutting down (kafka.server.KafkaServer)
[2020-05-28 14:02:35,866] INFO [KafkaServer id=0] Starting controlled shutdown (kafka.server.KafkaServer)
[2020-05-28 14:02:35,885] INFO [KafkaServer id=0] Controlled shutdown succeeded (kafka.server.KafkaServer)
[2020-05-28 14:02:35,888] INFO [/config/changes-event-process-thread]: Shutting down (kafka.common.ZkNodeChangeNotificationListener$ChangeEventProcessThread)
[2020-05-28 14:02:35,889] INFO [/config/changes-event-process-thread]: Shutdown completed (kafka.common.ZkNodeChangeNotificationListener$ChangeEventProcessThread)
[2020-05-28 14:02:35,889] INFO [/config/changes-event-process-thread]: Stopped (kafka.common.ZkNodeChangeNotificationListener$ChangeEventProcessThread)
[2020-05-28 14:02:35,889] INFO [SocketServer brokerId=0] Stopping socket server request processors (kafka.network.SocketServer)
[2020-05-28 14:02:35,895] INFO [SocketServer brokerId=0] Stopped socket server request processors (kafka.network.SocketServer)
[2020-05-28 14:02:35,895] INFO [data-plane Kafka Request Handler on Broker 0], shutting down (kafka.server.KafkaRequestHandlerPool)
[2020-05-28 14:02:35,897] INFO [data-plane Kafka Request Handler on Broker 0], shut down completely (kafka.server.KafkaRequestHandlerPool)
[2020-05-28 14:02:35,901] INFO [ExpirationReaper-0-AlterAcls]: Shutting down (kafka.server.DelayedOperationPurgatory$ExpiredOperationReaper)
[2020-05-28 14:02:35,918] INFO [ExpirationReaper-0-AlterAcls]: Stopped (kafka.server.DelayedOperationPurgatory$ExpiredOperationReaper)
[2020-05-28 14:02:35,918] INFO [ExpirationReaper-0-AlterAcls]: Shutdown completed (kafka.server.DelayedOperationPurgatory$ExpiredOperationReaper)
[2020-05-28 14:02:35,919] INFO [KafkaApi-0] Shutdown complete. (kafka.server.KafkaApis)
[2020-05-28 14:02:35,920] INFO [ExpirationReaper-0-topic]: Shutting down (kafka.server.DelayedOperationPurgatory$ExpiredOperationReaper)
[2020-05-28 14:02:35,928] INFO [ExpirationReaper-0-topic]: Stopped (kafka.server.DelayedOperationPurgatory$ExpiredOperationReaper)
[2020-05-28 14:02:35,928] INFO [ExpirationReaper-0-topic]: Shutdown completed (kafka.server.DelayedOperationPurgatory$ExpiredOperationReaper)
[2020-05-28 14:02:35,930] INFO [TransactionCoordinator id=0] Shutting down. (kafka.coordinator.transaction.TransactionCoordinator)
[2020-05-28 14:02:35,931] INFO [ProducerId Manager 0]: Shutdown complete: last producerId assigned 0 (kafka.coordinator.transaction.ProducerIdManager)
[2020-05-28 14:02:35,932] INFO [Transaction State Manager 0]: Shutdown complete (kafka.coordinator.transaction.TransactionStateManager)
[2020-05-28 14:02:35,932] INFO [Transaction Marker Channel Manager 0]: Shutting down (kafka.coordinator.transaction.TransactionMarkerChannelManager)
[2020-05-28 14:02:35,932] INFO [Transaction Marker Channel Manager 0]: Stopped (kafka.coordinator.transaction.TransactionMarkerChannelManager)
[2020-05-28 14:02:35,932] INFO [Transaction Marker Channel Manager 0]: Shutdown completed (kafka.coordinator.transaction.TransactionMarkerChannelManager)
[2020-05-28 14:02:35,933] INFO [TransactionCoordinator id=0] Shutdown complete. (kafka.coordinator.transaction.TransactionCoordinator)
[2020-05-28 14:02:35,933] INFO [GroupCoordinator 0]: Shutting down. (kafka.coordinator.group.GroupCoordinator)
[2020-05-28 14:02:35,934] INFO [ExpirationReaper-0-Heartbeat]: Shutting down (kafka.server.DelayedOperationPurgatory$ExpiredOperationReaper)
[2020-05-28 14:02:35,966] INFO [ExpirationReaper-0-Heartbeat]: Stopped (kafka.server.DelayedOperationPurgatory$ExpiredOperationReaper)
[2020-05-28 14:02:35,966] INFO [ExpirationReaper-0-Heartbeat]: Shutdown completed (kafka.server.DelayedOperationPurgatory$ExpiredOperationReaper)
[2020-05-28 14:02:35,966] INFO [ExpirationReaper-0-Rebalance]: Shutting down (kafka.server.DelayedOperationPurgatory$ExpiredOperationReaper)
[2020-05-28 14:02:36,128] INFO [ExpirationReaper-0-Rebalance]: Stopped (kafka.server.DelayedOperationPurgatory$ExpiredOperationReaper)
[2020-05-28 14:02:36,128] INFO [ExpirationReaper-0-Rebalance]: Shutdown completed (kafka.server.DelayedOperationPurgatory$ExpiredOperationReaper)
[2020-05-28 14:02:36,129] INFO [GroupCoordinator 0]: Shutdown complete. (kafka.coordinator.group.GroupCoordinator)
[2020-05-28 14:02:36,130] INFO [ReplicaManager broker=0] Shutting down (kafka.server.ReplicaManager)
[2020-05-28 14:02:36,130] INFO [LogDirFailureHandler]: Shutting down (kafka.server.ReplicaManager$LogDirFailureHandler)
[2020-05-28 14:02:36,131] INFO [LogDirFailureHandler]: Stopped (kafka.server.ReplicaManager$LogDirFailureHandler)
[2020-05-28 14:02:36,131] INFO [LogDirFailureHandler]: Shutdown completed (kafka.server.ReplicaManager$LogDirFailureHandler)
[2020-05-28 14:02:36,131] INFO [ReplicaFetcherManager on broker 0] shutting down (kafka.server.ReplicaFetcherManager)
[2020-05-28 14:02:36,133] INFO [ReplicaFetcherManager on broker 0] shutdown completed (kafka.server.ReplicaFetcherManager)
[2020-05-28 14:02:36,134] INFO [ReplicaAlterLogDirsManager on broker 0] shutting down (kafka.server.ReplicaAlterLogDirsManager)
[2020-05-28 14:02:36,144] INFO [ReplicaAlterLogDirsManager on broker 0] shutdown completed (kafka.server.ReplicaAlterLogDirsManager)
[2020-05-28 14:02:36,144] INFO [ExpirationReaper-0-Fetch]: Shutting down (kafka.server.DelayedOperationPurgatory$ExpiredOperationReaper)
[2020-05-28 14:02:36,247] INFO [ExpirationReaper-0-Fetch]: Stopped (kafka.server.DelayedOperationPurgatory$ExpiredOperationReaper)
[2020-05-28 14:02:36,247] INFO [ExpirationReaper-0-Fetch]: Shutdown completed (kafka.server.DelayedOperationPurgatory$ExpiredOperationReaper)
[2020-05-28 14:02:36,248] INFO [ExpirationReaper-0-Produce]: Shutting down (kafka.server.DelayedOperationPurgatory$ExpiredOperationReaper)
[2020-05-28 14:02:36,328] INFO [ExpirationReaper-0-Produce]: Stopped (kafka.server.DelayedOperationPurgatory$ExpiredOperationReaper)
[2020-05-28 14:02:36,328] INFO [ExpirationReaper-0-Produce]: Shutdown completed (kafka.server.DelayedOperationPurgatory$ExpiredOperationReaper)
[2020-05-28 14:02:36,329] INFO [ExpirationReaper-0-DeleteRecords]: Shutting down (kafka.server.DelayedOperationPurgatory$ExpiredOperationReaper)
[2020-05-28 14:02:36,528] INFO [ExpirationReaper-0-DeleteRecords]: Stopped (kafka.server.DelayedOperationPurgatory$ExpiredOperationReaper)
[2020-05-28 14:02:36,528] INFO [ExpirationReaper-0-DeleteRecords]: Shutdown completed (kafka.server.DelayedOperationPurgatory$ExpiredOperationReaper)
[2020-05-28 14:02:36,529] INFO [ExpirationReaper-0-ElectLeader]: Shutting down (kafka.server.DelayedOperationPurgatory$ExpiredOperationReaper)
[2020-05-28 14:02:36,729] INFO [ExpirationReaper-0-ElectLeader]: Stopped (kafka.server.DelayedOperationPurgatory$ExpiredOperationReaper)
[2020-05-28 14:02:36,729] INFO [ExpirationReaper-0-ElectLeader]: Shutdown completed (kafka.server.DelayedOperationPurgatory$ExpiredOperationReaper)
[2020-05-28 14:02:36,735] INFO [ReplicaManager broker=0] Shut down completely (kafka.server.ReplicaManager)
[2020-05-28 14:02:36,736] INFO Shutting down. (kafka.log.LogManager)
[2020-05-28 14:02:36,765] INFO [ProducerStateManager partition=__consumer_offsets-24] Writing producer snapshot at offset 2 (kafka.log.ProducerStateManager)
[2020-05-28 14:02:36,767] INFO [ProducerStateManager partition=__consumer_offsets-17] Writing producer snapshot at offset 3 (kafka.log.ProducerStateManager)
[2020-05-28 14:02:36,770] INFO [ProducerStateManager partition=temperatureTopic-0] Writing producer snapshot at offset 307 (kafka.log.ProducerStateManager)
[2020-05-28 14:02:36,772] INFO [ProducerStateManager partition=windTopic-0] Writing producer snapshot at offset 55 (kafka.log.ProducerStateManager)
[2020-05-28 14:02:36,776] INFO [ProducerStateManager partition=__consumer_offsets-32] Writing producer snapshot at offset 2 (kafka.log.ProducerStateManager)
[2020-05-28 14:02:36,788] INFO Shutdown complete. (kafka.log.LogManager)
[2020-05-28 14:02:36,797] INFO [ZooKeeperClient Kafka server] Closing. (kafka.zookeeper.ZooKeeperClient)
[2020-05-28 14:02:36,904] INFO Session: 0x10000935b4f0000 closed (org.apache.zookeeper.ZooKeeper)
[2020-05-28 14:02:36,904] INFO EventThread shut down for session: 0x10000935b4f0000 (org.apache.zookeeper.ClientCnxn)
[2020-05-28 14:02:36,905] INFO [ZooKeeperClient Kafka server] Closed. (kafka.zookeeper.ZooKeeperClient)
[2020-05-28 14:02:36,905] INFO [ThrottledChannelReaper-Fetch]: Shutting down (kafka.server.ClientQuotaManager$ThrottledChannelReaper)
[2020-05-28 14:02:37,806] INFO [ThrottledChannelReaper-Fetch]: Stopped (kafka.server.ClientQuotaManager$ThrottledChannelReaper)
[2020-05-28 14:02:37,806] INFO [ThrottledChannelReaper-Fetch]: Shutdown completed (kafka.server.ClientQuotaManager$ThrottledChannelReaper)
[2020-05-28 14:02:37,806] INFO [ThrottledChannelReaper-Produce]: Shutting down (kafka.server.ClientQuotaManager$ThrottledChannelReaper)
[2020-05-28 14:02:38,806] INFO [ThrottledChannelReaper-Produce]: Stopped (kafka.server.ClientQuotaManager$ThrottledChannelReaper)
[2020-05-28 14:02:38,807] INFO [ThrottledChannelReaper-Produce]: Shutdown completed (kafka.server.ClientQuotaManager$ThrottledChannelReaper)
[2020-05-28 14:02:38,807] INFO [ThrottledChannelReaper-Request]: Shutting down (kafka.server.ClientQuotaManager$ThrottledChannelReaper)
[2020-05-28 14:02:39,807] INFO [ThrottledChannelReaper-Request]: Stopped (kafka.server.ClientQuotaManager$ThrottledChannelReaper)
[2020-05-28 14:02:39,807] INFO [ThrottledChannelReaper-Request]: Shutdown completed (kafka.server.ClientQuotaManager$ThrottledChannelReaper)
[2020-05-28 14:02:39,809] INFO [SocketServer brokerId=0] Shutting down socket server (kafka.network.SocketServer)
[2020-05-28 14:02:39,834] INFO [SocketServer brokerId=0] Shutdown completed (kafka.network.SocketServer)
[2020-05-28 14:02:39,838] INFO [KafkaServer id=0] shut down completed (kafka.server.KafkaServer)
